Determining if the pthread_create exist failed with the following output:
Change Dir: /home/alecajuice/Documents/git/jjba/jjba/cmake-build-debug/CMakeFiles/CMakeTmp

Run Build Command(s):/usr/bin/make cmTC_de9d8/fast 
/usr/bin/make -f CMakeFiles/cmTC_de9d8.dir/build.make CMakeFiles/cmTC_de9d8.dir/build
make[1]: Entering directory '/home/alecajuice/Documents/git/jjba/jjba/cmake-build-debug/CMakeFiles/CMakeTmp'
Building C object CMakeFiles/cmTC_de9d8.dir/CheckSymbolExists.c.o
/usr/bin/cc    -o CMakeFiles/cmTC_de9d8.dir/CheckSymbolExists.c.o   -c /home/alecajuice/Documents/git/jjba/jjba/cmake-build-debug/CMakeFiles/CMakeTmp/CheckSymbolExists.c
Linking C executable cmTC_de9d8
/home/alecajuice/Programs/clion-2019.1.4/bin/cmake/linux/bin/cmake -E cmake_link_script CMakeFiles/cmTC_de9d8.dir/link.txt --verbose=1
/usr/bin/cc      CMakeFiles/cmTC_de9d8.dir/CheckSymbolExists.c.o  -o cmTC_de9d8 
/usr/bin/ld: CMakeFiles/cmTC_de9d8.dir/CheckSymbolExists.c.o: in function `main':
CheckSymbolExists.c:(.text+0x1b): undefined reference to `pthread_create'
collect2: error: ld returned 1 exit status
make[1]: *** [CMakeFiles/cmTC_de9d8.dir/build.make:87: cmTC_de9d8] Error 1
make[1]: Leaving directory '/home/alecajuice/Documents/git/jjba/jjba/cmake-build-debug/CMakeFiles/CMakeTmp'
make: *** [Makefile:121: cmTC_de9d8/fast] Error 2

File /home/alecajuice/Documents/git/jjba/jjba/cmake-build-debug/CMakeFiles/CMakeTmp/CheckSymbolExists.c:
/* */
#include <pthread.h>

int main(int argc, char** argv)
{
  (void)argv;
#ifndef pthread_create
  return ((int*)(&pthread_create))[argc];
#else
  (void)argc;
  return 0;
#endif
}

Determining if the function pthread_create exists in the pthreads failed with the following output:
Change Dir: /home/alecajuice/Documents/git/jjba/jjba/cmake-build-debug/CMakeFiles/CMakeTmp

Run Build Command(s):/usr/bin/make cmTC_f05af/fast 
/usr/bin/make -f CMakeFiles/cmTC_f05af.dir/build.make CMakeFiles/cmTC_f05af.dir/build
make[1]: Entering directory '/home/alecajuice/Documents/git/jjba/jjba/cmake-build-debug/CMakeFiles/CMakeTmp'
Building C object CMakeFiles/cmTC_f05af.dir/CheckFunctionExists.c.o
/usr/bin/cc   -DCHECK_FUNCTION_EXISTS=pthread_create   -o CMakeFiles/cmTC_f05af.dir/CheckFunctionExists.c.o   -c /home/alecajuice/Programs/clion-2019.1.4/bin/cmake/linux/share/cmake-3.14/Modules/CheckFunctionExists.c
Linking C executable cmTC_f05af
/home/alecajuice/Programs/clion-2019.1.4/bin/cmake/linux/bin/cmake -E cmake_link_script CMakeFiles/cmTC_f05af.dir/link.txt --verbose=1
/usr/bin/cc  -DCHECK_FUNCTION_EXISTS=pthread_create    CMakeFiles/cmTC_f05af.dir/CheckFunctionExists.c.o  -o cmTC_f05af -lpthreads 
/usr/bin/ld: cannot find -lpthreads
collect2: error: ld returned 1 exit status
make[1]: *** [CMakeFiles/cmTC_f05af.dir/build.make:87: cmTC_f05af] Error 1
make[1]: Leaving directory '/home/alecajuice/Documents/git/jjba/jjba/cmake-build-debug/CMakeFiles/CMakeTmp'
make: *** [Makefile:121: cmTC_f05af/fast] Error 2


